{"/home/runner/work/animated-invention/animated-invention/frontend/src/api.ts": {"path":"/home/runner/work/animated-invention/animated-invention/frontend/src/api.ts","statementMap":{"0":{"start":{"line":18,"column":16},"end":{"line":18,"column":null}},"1":{"start":{"line":19,"column":13},"end":{"line":19,"column":null}},"2":{"start":{"line":22,"column":2},"end":{"line":22,"column":null}},"3":{"start":{"line":26,"column":19},"end":{"line":33,"column":null}},"4":{"start":{"line":34,"column":2},"end":{"line":37,"column":null}},"5":{"start":{"line":35,"column":17},"end":{"line":35,"column":null}},"6":{"start":{"line":35,"column":51},"end":{"line":35,"column":55}},"7":{"start":{"line":36,"column":4},"end":{"line":36,"column":null}},"8":{"start":{"line":38,"column":2},"end":{"line":38,"column":null}},"9":{"start":{"line":41,"column":24},"end":{"line":70,"column":null}},"10":{"start":{"line":42,"column":16},"end":{"line":42,"column":null}},"11":{"start":{"line":43,"column":15},"end":{"line":43,"column":null}},"12":{"start":{"line":44,"column":20},"end":{"line":44,"column":null}},"13":{"start":{"line":45,"column":21},"end":{"line":45,"column":null}},"14":{"start":{"line":47,"column":4},"end":{"line":47,"column":null}},"15":{"start":{"line":48,"column":14},"end":{"line":48,"column":null}},"16":{"start":{"line":49,"column":21},"end":{"line":49,"column":null}},"17":{"start":{"line":50,"column":26},"end":{"line":50,"column":null}},"18":{"start":{"line":52,"column":4},"end":{"line":52,"column":null}},"19":{"start":{"line":53,"column":17},"end":{"line":53,"column":null}},"20":{"start":{"line":54,"column":22},"end":{"line":54,"column":null}},"21":{"start":{"line":55,"column":17},"end":{"line":55,"column":null}},"22":{"start":{"line":56,"column":16},"end":{"line":56,"column":null}},"23":{"start":{"line":57,"column":17},"end":{"line":57,"column":null}},"24":{"start":{"line":58,"column":22},"end":{"line":58,"column":null}},"25":{"start":{"line":59,"column":15},"end":{"line":59,"column":null}},"26":{"start":{"line":60,"column":22},"end":{"line":60,"column":null}},"27":{"start":{"line":61,"column":25},"end":{"line":61,"column":null}},"28":{"start":{"line":63,"column":4},"end":{"line":63,"column":null}},"29":{"start":{"line":65,"column":4},"end":{"line":65,"column":null}},"30":{"start":{"line":67,"column":4},"end":{"line":67,"column":null}},"31":{"start":{"line":69,"column":4},"end":{"line":69,"column":null}}},"fnMap":{"0":{"name":"setApiKey","decl":{"start":{"line":21,"column":16},"end":{"line":21,"column":26}},"loc":{"start":{"line":21,"column":47},"end":{"line":23,"column":null}},"line":21},"1":{"name":"request","decl":{"start":{"line":25,"column":15},"end":{"line":25,"column":26}},"loc":{"start":{"line":25,"column":72},"end":{"line":39,"column":null}},"line":25},"2":{"name":"(anonymous_2)","decl":{"start":{"line":35,"column":45},"end":{"line":35,"column":51}},"loc":{"start":{"line":35,"column":51},"end":{"line":35,"column":55}},"line":35},"3":{"name":"(anonymous_3)","decl":{"start":{"line":42,"column":10},"end":{"line":42,"column":16}},"loc":{"start":{"line":42,"column":16},"end":{"line":42,"column":null}},"line":42},"4":{"name":"(anonymous_4)","decl":{"start":{"line":43,"column":9},"end":{"line":43,"column":15}},"loc":{"start":{"line":43,"column":15},"end":{"line":43,"column":null}},"line":43},"5":{"name":"(anonymous_5)","decl":{"start":{"line":44,"column":14},"end":{"line":44,"column":20}},"loc":{"start":{"line":44,"column":20},"end":{"line":44,"column":null}},"line":44},"6":{"name":"(anonymous_6)","decl":{"start":{"line":45,"column":15},"end":{"line":45,"column":21}},"loc":{"start":{"line":45,"column":21},"end":{"line":45,"column":null}},"line":45},"7":{"name":"(anonymous_7)","decl":{"start":{"line":46,"column":14},"end":{"line":46,"column":15}},"loc":{"start":{"line":47,"column":4},"end":{"line":47,"column":null}},"line":47},"8":{"name":"(anonymous_8)","decl":{"start":{"line":48,"column":8},"end":{"line":48,"column":14}},"loc":{"start":{"line":48,"column":14},"end":{"line":48,"column":null}},"line":48},"9":{"name":"(anonymous_9)","decl":{"start":{"line":49,"column":15},"end":{"line":49,"column":21}},"loc":{"start":{"line":49,"column":21},"end":{"line":49,"column":null}},"line":49},"10":{"name":"(anonymous_10)","decl":{"start":{"line":50,"column":20},"end":{"line":50,"column":26}},"loc":{"start":{"line":50,"column":26},"end":{"line":50,"column":null}},"line":50},"11":{"name":"(anonymous_11)","decl":{"start":{"line":51,"column":21},"end":{"line":51,"column":22}},"loc":{"start":{"line":52,"column":4},"end":{"line":52,"column":null}},"line":52},"12":{"name":"(anonymous_12)","decl":{"start":{"line":53,"column":11},"end":{"line":53,"column":17}},"loc":{"start":{"line":53,"column":17},"end":{"line":53,"column":null}},"line":53},"13":{"name":"(anonymous_13)","decl":{"start":{"line":54,"column":16},"end":{"line":54,"column":22}},"loc":{"start":{"line":54,"column":22},"end":{"line":54,"column":null}},"line":54},"14":{"name":"(anonymous_14)","decl":{"start":{"line":55,"column":11},"end":{"line":55,"column":17}},"loc":{"start":{"line":55,"column":17},"end":{"line":55,"column":null}},"line":55},"15":{"name":"(anonymous_15)","decl":{"start":{"line":56,"column":10},"end":{"line":56,"column":16}},"loc":{"start":{"line":56,"column":16},"end":{"line":56,"column":null}},"line":56},"16":{"name":"(anonymous_16)","decl":{"start":{"line":57,"column":11},"end":{"line":57,"column":17}},"loc":{"start":{"line":57,"column":17},"end":{"line":57,"column":null}},"line":57},"17":{"name":"(anonymous_17)","decl":{"start":{"line":58,"column":16},"end":{"line":58,"column":22}},"loc":{"start":{"line":58,"column":22},"end":{"line":58,"column":null}},"line":58},"18":{"name":"(anonymous_18)","decl":{"start":{"line":59,"column":9},"end":{"line":59,"column":15}},"loc":{"start":{"line":59,"column":15},"end":{"line":59,"column":null}},"line":59},"19":{"name":"(anonymous_19)","decl":{"start":{"line":60,"column":16},"end":{"line":60,"column":22}},"loc":{"start":{"line":60,"column":22},"end":{"line":60,"column":null}},"line":60},"20":{"name":"(anonymous_20)","decl":{"start":{"line":61,"column":19},"end":{"line":61,"column":25}},"loc":{"start":{"line":61,"column":25},"end":{"line":61,"column":null}},"line":61},"21":{"name":"(anonymous_21)","decl":{"start":{"line":62,"column":18},"end":{"line":62,"column":19}},"loc":{"start":{"line":63,"column":4},"end":{"line":63,"column":null}},"line":63},"22":{"name":"(anonymous_22)","decl":{"start":{"line":64,"column":15},"end":{"line":64,"column":16}},"loc":{"start":{"line":65,"column":4},"end":{"line":65,"column":null}},"line":65},"23":{"name":"(anonymous_23)","decl":{"start":{"line":66,"column":19},"end":{"line":66,"column":20}},"loc":{"start":{"line":67,"column":4},"end":{"line":67,"column":null}},"line":67},"24":{"name":"(anonymous_24)","decl":{"start":{"line":68,"column":8},"end":{"line":68,"column":9}},"loc":{"start":{"line":69,"column":4},"end":{"line":69,"column":null}},"line":69}},"branchMap":{"0":{"loc":{"start":{"line":18,"column":16},"end":{"line":18,"column":null}},"type":"binary-expr","locations":[{"start":{"line":18,"column":16},"end":{"line":18,"column":48}},{"start":{"line":18,"column":48},"end":{"line":18,"column":null}}],"line":18},"1":{"loc":{"start":{"line":29,"column":10},"end":{"line":29,"column":null}},"type":"cond-expr","locations":[{"start":{"line":29,"column":19},"end":{"line":29,"column":45}},{"start":{"line":29,"column":45},"end":{"line":29,"column":null}}],"line":29},"2":{"loc":{"start":{"line":34,"column":2},"end":{"line":37,"column":null}},"type":"if","locations":[{"start":{"line":34,"column":2},"end":{"line":37,"column":null}},{"start":{},"end":{}}],"line":34},"3":{"loc":{"start":{"line":36,"column":20},"end":{"line":36,"column":73}},"type":"binary-expr","locations":[{"start":{"line":36,"column":20},"end":{"line":36,"column":36}},{"start":{"line":36,"column":36},"end":{"line":36,"column":73}}],"line":36}},"s":{"0":2,"1":2,"2":13,"3":3,"4":3,"5":1,"6":0,"7":1,"8":2,"9":2,"10":2,"11":0,"12":1,"13":0,"14":0,"15":0,"16":0,"17":0,"18":0,"19":0,"20":0,"21":0,"22":0,"23":0,"24":0,"25":0,"26":0,"27":0,"28":0,"29":0,"30":0,"31":0},"f":{"0":13,"1":3,"2":0,"3":2,"4":0,"5":1,"6":0,"7":0,"8":0,"9":0,"10":0,"11":0,"12":0,"13":0,"14":0,"15":0,"16":0,"17":0,"18":0,"19":0,"20":0,"21":0,"22":0,"23":0,"24":0},"b":{"0":[2,2],"1":[1,2],"2":[1,2],"3":[1,0]},"meta":{"lastBranch":4,"lastFunction":25,"lastStatement":32,"seen":{"s:18:16:18:Infinity":0,"b:18:16:18:48:18:48:18:Infinity":0,"s:19:13:19:Infinity":1,"f:21:16:21:26":0,"s:22:2:22:Infinity":2,"f:25:15:25:26":1,"s:26:19:33:Infinity":3,"b:29:19:29:45:29:45:29:Infinity":1,"b:34:2:37:Infinity:undefined:undefined:undefined:undefined":2,"s:34:2:37:Infinity":4,"s:35:17:35:Infinity":5,"f:35:45:35:51":2,"s:35:51:35:55":6,"s:36:4:36:Infinity":7,"b:36:20:36:36:36:36:36:73":3,"s:38:2:38:Infinity":8,"s:41:24:70:Infinity":9,"f:42:10:42:16":3,"s:42:16:42:Infinity":10,"f:43:9:43:15":4,"s:43:15:43:Infinity":11,"f:44:14:44:20":5,"s:44:20:44:Infinity":12,"f:45:15:45:21":6,"s:45:21:45:Infinity":13,"f:46:14:46:15":7,"s:47:4:47:Infinity":14,"f:48:8:48:14":8,"s:48:14:48:Infinity":15,"f:49:15:49:21":9,"s:49:21:49:Infinity":16,"f:50:20:50:26":10,"s:50:26:50:Infinity":17,"f:51:21:51:22":11,"s:52:4:52:Infinity":18,"f:53:11:53:17":12,"s:53:17:53:Infinity":19,"f:54:16:54:22":13,"s:54:22:54:Infinity":20,"f:55:11:55:17":14,"s:55:17:55:Infinity":21,"f:56:10:56:16":15,"s:56:16:56:Infinity":22,"f:57:11:57:17":16,"s:57:17:57:Infinity":23,"f:58:16:58:22":17,"s:58:22:58:Infinity":24,"f:59:9:59:15":18,"s:59:15:59:Infinity":25,"f:60:16:60:22":19,"s:60:22:60:Infinity":26,"f:61:19:61:25":20,"s:61:25:61:Infinity":27,"f:62:18:62:19":21,"s:63:4:63:Infinity":28,"f:64:15:64:16":22,"s:65:4:65:Infinity":29,"f:66:19:66:20":23,"s:67:4:67:Infinity":30,"f:68:8:68:9":24,"s:69:4:69:Infinity":31},"fnNames":{}}}
,"/home/runner/work/animated-invention/animated-invention/frontend/src/main.tsx": {"path":"/home/runner/work/animated-invention/animated-invention/frontend/src/main.tsx","statementMap":{"0":{"start":{"line":11,"column":26},"end":{"line":11,"column":null}},"1":{"start":{"line":12,"column":32},"end":{"line":12,"column":null}},"2":{"start":{"line":13,"column":28},"end":{"line":13,"column":null}},"3":{"start":{"line":14,"column":31},"end":{"line":14,"column":null}},"4":{"start":{"line":14,"column":50},"end":{"line":14,"column":95}},"5":{"start":{"line":15,"column":24},"end":{"line":15,"column":null}},"6":{"start":{"line":16,"column":28},"end":{"line":16,"column":null}},"7":{"start":{"line":17,"column":22},"end":{"line":17,"column":null}},"8":{"start":{"line":18,"column":26},"end":{"line":18,"column":null}},"9":{"start":{"line":19,"column":24},"end":{"line":19,"column":null}},"10":{"start":{"line":20,"column":28},"end":{"line":20,"column":null}},"11":{"start":{"line":21,"column":32},"end":{"line":21,"column":null}},"12":{"start":{"line":22,"column":22},"end":{"line":22,"column":null}},"13":{"start":{"line":23,"column":22},"end":{"line":23,"column":null}},"14":{"start":{"line":24,"column":36},"end":{"line":24,"column":null}},"15":{"start":{"line":25,"column":30},"end":{"line":25,"column":null}},"16":{"start":{"line":26,"column":30},"end":{"line":26,"column":null}},"17":{"start":{"line":27,"column":32},"end":{"line":27,"column":null}},"18":{"start":{"line":28,"column":40},"end":{"line":28,"column":null}},"19":{"start":{"line":29,"column":38},"end":{"line":29,"column":null}},"20":{"start":{"line":30,"column":20},"end":{"line":30,"column":null}},"21":{"start":{"line":31,"column":28},"end":{"line":31,"column":null}},"22":{"start":{"line":32,"column":42},"end":{"line":32,"column":null}},"23":{"start":{"line":34,"column":2},"end":{"line":41,"column":null}},"24":{"start":{"line":35,"column":4},"end":{"line":35,"column":null}},"25":{"start":{"line":36,"column":4},"end":{"line":36,"column":null}},"26":{"start":{"line":36,"column":37},"end":{"line":36,"column":61}},"27":{"start":{"line":36,"column":85},"end":{"line":36,"column":106}},"28":{"start":{"line":37,"column":4},"end":{"line":40,"column":null}},"29":{"start":{"line":38,"column":6},"end":{"line":38,"column":null}},"30":{"start":{"line":39,"column":6},"end":{"line":39,"column":null}},"31":{"start":{"line":40,"column":19},"end":{"line":40,"column":36}},"32":{"start":{"line":44,"column":4},"end":{"line":44,"column":null}},"33":{"start":{"line":45,"column":4},"end":{"line":45,"column":null}},"34":{"start":{"line":46,"column":4},"end":{"line":47,"column":null}},"35":{"start":{"line":46,"column":16},"end":{"line":46,"column":null}},"36":{"start":{"line":47,"column":9},"end":{"line":47,"column":null}},"37":{"start":{"line":48,"column":4},"end":{"line":48,"column":null}},"38":{"start":{"line":49,"column":4},"end":{"line":49,"column":null}},"39":{"start":{"line":49,"column":10},"end":{"line":49,"column":57}},"40":{"start":{"line":49,"column":73},"end":{"line":49,"column":107}},"41":{"start":{"line":53,"column":4},"end":{"line":53,"column":null}},"42":{"start":{"line":54,"column":4},"end":{"line":54,"column":null}},"43":{"start":{"line":54,"column":25},"end":{"line":54,"column":null}},"44":{"start":{"line":55,"column":4},"end":{"line":55,"column":22}},"45":{"start":{"line":55,"column":22},"end":{"line":55,"column":null}},"46":{"start":{"line":56,"column":4},"end":{"line":57,"column":null}},"47":{"start":{"line":56,"column":10},"end":{"line":56,"column":49}},"48":{"start":{"line":56,"column":65},"end":{"line":56,"column":99}},"49":{"start":{"line":57,"column":14},"end":{"line":57,"column":33}},"50":{"start":{"line":61,"column":4},"end":{"line":61,"column":22}},"51":{"start":{"line":61,"column":22},"end":{"line":61,"column":40}},"52":{"start":{"line":61,"column":40},"end":{"line":61,"column":54}},"53":{"start":{"line":61,"column":54},"end":{"line":61,"column":null}},"54":{"start":{"line":62,"column":4},"end":{"line":79,"column":null}},"55":{"start":{"line":63,"column":6},"end":{"line":66,"column":null}},"56":{"start":{"line":64,"column":8},"end":{"line":64,"column":null}},"57":{"start":{"line":65,"column":8},"end":{"line":65,"column":null}},"58":{"start":{"line":67,"column":6},"end":{"line":77,"column":null}},"59":{"start":{"line":79,"column":18},"end":{"line":79,"column":52}},"60":{"start":{"line":79,"column":64},"end":{"line":79,"column":83}},"61":{"start":{"line":83,"column":4},"end":{"line":83,"column":null}},"62":{"start":{"line":84,"column":4},"end":{"line":84,"column":null}},"63":{"start":{"line":84,"column":27},"end":{"line":84,"column":null}},"64":{"start":{"line":85,"column":4},"end":{"line":85,"column":22}},"65":{"start":{"line":85,"column":22},"end":{"line":85,"column":null}},"66":{"start":{"line":86,"column":4},"end":{"line":87,"column":null}},"67":{"start":{"line":86,"column":10},"end":{"line":86,"column":61}},"68":{"start":{"line":86,"column":77},"end":{"line":86,"column":111}},"69":{"start":{"line":87,"column":14},"end":{"line":87,"column":33}},"70":{"start":{"line":91,"column":4},"end":{"line":91,"column":null}},"71":{"start":{"line":92,"column":4},"end":{"line":92,"column":null}},"72":{"start":{"line":92,"column":22},"end":{"line":92,"column":null}},"73":{"start":{"line":93,"column":4},"end":{"line":93,"column":22}},"74":{"start":{"line":93,"column":22},"end":{"line":93,"column":null}},"75":{"start":{"line":94,"column":4},"end":{"line":95,"column":null}},"76":{"start":{"line":94,"column":10},"end":{"line":94,"column":60}},"77":{"start":{"line":94,"column":76},"end":{"line":94,"column":110}},"78":{"start":{"line":95,"column":14},"end":{"line":95,"column":33}},"79":{"start":{"line":99,"column":4},"end":{"line":99,"column":null}},"80":{"start":{"line":100,"column":4},"end":{"line":100,"column":null}},"81":{"start":{"line":100,"column":26},"end":{"line":100,"column":null}},"82":{"start":{"line":101,"column":4},"end":{"line":101,"column":22}},"83":{"start":{"line":101,"column":22},"end":{"line":101,"column":null}},"84":{"start":{"line":102,"column":4},"end":{"line":103,"column":null}},"85":{"start":{"line":102,"column":10},"end":{"line":102,"column":65}},"86":{"start":{"line":102,"column":81},"end":{"line":102,"column":115}},"87":{"start":{"line":103,"column":14},"end":{"line":103,"column":33}},"88":{"start":{"line":107,"column":4},"end":{"line":107,"column":null}},"89":{"start":{"line":108,"column":4},"end":{"line":108,"column":null}},"90":{"start":{"line":108,"column":27},"end":{"line":108,"column":null}},"91":{"start":{"line":109,"column":4},"end":{"line":109,"column":22}},"92":{"start":{"line":109,"column":22},"end":{"line":109,"column":null}},"93":{"start":{"line":110,"column":4},"end":{"line":111,"column":null}},"94":{"start":{"line":110,"column":10},"end":{"line":110,"column":71}},"95":{"start":{"line":110,"column":87},"end":{"line":110,"column":121}},"96":{"start":{"line":111,"column":14},"end":{"line":111,"column":33}},"97":{"start":{"line":115,"column":4},"end":{"line":115,"column":null}},"98":{"start":{"line":116,"column":4},"end":{"line":116,"column":null}},"99":{"start":{"line":116,"column":45},"end":{"line":116,"column":null}},"100":{"start":{"line":117,"column":4},"end":{"line":117,"column":22}},"101":{"start":{"line":117,"column":22},"end":{"line":117,"column":null}},"102":{"start":{"line":118,"column":4},"end":{"line":119,"column":null}},"103":{"start":{"line":118,"column":10},"end":{"line":118,"column":80}},"104":{"start":{"line":118,"column":96},"end":{"line":118,"column":130}},"105":{"start":{"line":119,"column":14},"end":{"line":119,"column":33}},"106":{"start":{"line":123,"column":4},"end":{"line":123,"column":null}},"107":{"start":{"line":123,"column":83},"end":{"line":123,"column":null}},"108":{"start":{"line":124,"column":4},"end":{"line":124,"column":22}},"109":{"start":{"line":124,"column":22},"end":{"line":124,"column":null}},"110":{"start":{"line":125,"column":4},"end":{"line":129,"column":null}},"111":{"start":{"line":126,"column":6},"end":{"line":126,"column":null}},"112":{"start":{"line":127,"column":6},"end":{"line":127,"column":null}},"113":{"start":{"line":128,"column":20},"end":{"line":128,"column":54}},"114":{"start":{"line":129,"column":14},"end":{"line":129,"column":33}},"115":{"start":{"line":132,"column":2},"end":{"line":183,"column":null}},"116":{"start":{"line":133,"column":70},"end":{"line":133,"column":98}},"117":{"start":{"line":139,"column":8},"end":{"line":139,"column":null}},"118":{"start":{"line":142,"column":82},"end":{"line":142,"column":null}},"119":{"start":{"line":147,"column":81},"end":{"line":147,"column":null}},"120":{"start":{"line":152,"column":86},"end":{"line":152,"column":null}},"121":{"start":{"line":157,"column":89},"end":{"line":157,"column":null}},"122":{"start":{"line":162,"column":86},"end":{"line":162,"column":null}},"123":{"start":{"line":163,"column":110},"end":{"line":163,"column":null}},"124":{"start":{"line":170,"column":66},"end":{"line":174,"column":20}},"125":{"start":{"line":178,"column":80},"end":{"line":178,"column":null}},"126":{"start":{"line":186,"column":20},"end":{"line":186,"column":null}},"127":{"start":{"line":187,"column":0},"end":{"line":189,"column":null}},"128":{"start":{"line":188,"column":2},"end":{"line":188,"column":null}}},"fnMap":{"0":{"name":"App","decl":{"start":{"line":10,"column":16},"end":{"line":10,"column":22}},"loc":{"start":{"line":10,"column":22},"end":{"line":184,"column":null}},"line":10},"1":{"name":"(anonymous_1)","decl":{"start":{"line":14,"column":44},"end":{"line":14,"column":50}},"loc":{"start":{"line":14,"column":50},"end":{"line":14,"column":95}},"line":14},"2":{"name":"(anonymous_2)","decl":{"start":{"line":34,"column":12},"end":{"line":34,"column":18}},"loc":{"start":{"line":34,"column":18},"end":{"line":41,"column":5}},"line":34},"3":{"name":"(anonymous_3)","decl":{"start":{"line":36,"column":27},"end":{"line":36,"column":28}},"loc":{"start":{"line":36,"column":37},"end":{"line":36,"column":61}},"line":36},"4":{"name":"(anonymous_4)","decl":{"start":{"line":36,"column":69},"end":{"line":36,"column":70}},"loc":{"start":{"line":36,"column":85},"end":{"line":36,"column":106}},"line":36},"5":{"name":"(anonymous_5)","decl":{"start":{"line":37,"column":26},"end":{"line":37,"column":27}},"loc":{"start":{"line":37,"column":36},"end":{"line":40,"column":5}},"line":37},"6":{"name":"(anonymous_6)","decl":{"start":{"line":40,"column":13},"end":{"line":40,"column":19}},"loc":{"start":{"line":40,"column":19},"end":{"line":40,"column":36}},"line":40},"7":{"name":"saveApiKey","decl":{"start":{"line":43,"column":17},"end":{"line":43,"column":28}},"loc":{"start":{"line":43,"column":46},"end":{"line":50,"column":null}},"line":43},"8":{"name":"submitChat","decl":{"start":{"line":52,"column":17},"end":{"line":52,"column":28}},"loc":{"start":{"line":52,"column":46},"end":{"line":58,"column":null}},"line":52},"9":{"name":"loadDiagnostics","decl":{"start":{"line":60,"column":17},"end":{"line":60,"column":33}},"loc":{"start":{"line":60,"column":70},"end":{"line":80,"column":null}},"line":60},"10":{"name":"createPlan","decl":{"start":{"line":82,"column":17},"end":{"line":82,"column":28}},"loc":{"start":{"line":82,"column":46},"end":{"line":88,"column":null}},"line":82},"11":{"name":"analyzeLogs","decl":{"start":{"line":90,"column":17},"end":{"line":90,"column":29}},"loc":{"start":{"line":90,"column":47},"end":{"line":96,"column":null}},"line":90},"12":{"name":"analyzeIncident","decl":{"start":{"line":98,"column":17},"end":{"line":98,"column":33}},"loc":{"start":{"line":98,"column":51},"end":{"line":104,"column":null}},"line":98},"13":{"name":"loadContainerLogs","decl":{"start":{"line":106,"column":17},"end":{"line":106,"column":35}},"loc":{"start":{"line":106,"column":53},"end":{"line":112,"column":null}},"line":106},"14":{"name":"loadPodLogs","decl":{"start":{"line":114,"column":17},"end":{"line":114,"column":29}},"loc":{"start":{"line":114,"column":47},"end":{"line":120,"column":null}},"line":114},"15":{"name":"clearHistory","decl":{"start":{"line":122,"column":17},"end":{"line":122,"column":32}},"loc":{"start":{"line":122,"column":32},"end":{"line":130,"column":null}},"line":122},"16":{"name":"(anonymous_16)","decl":{"start":{"line":133,"column":64},"end":{"line":133,"column":70}},"loc":{"start":{"line":133,"column":70},"end":{"line":133,"column":98}},"line":133},"17":{"name":"(anonymous_17)","decl":{"start":{"line":138,"column":66},"end":{"line":138,"column":67}},"loc":{"start":{"line":139,"column":8},"end":{"line":139,"column":null}},"line":139},"18":{"name":"(anonymous_18)","decl":{"start":{"line":142,"column":71},"end":{"line":142,"column":72}},"loc":{"start":{"line":142,"column":82},"end":{"line":142,"column":null}},"line":142},"19":{"name":"(anonymous_19)","decl":{"start":{"line":147,"column":70},"end":{"line":147,"column":71}},"loc":{"start":{"line":147,"column":81},"end":{"line":147,"column":null}},"line":147},"20":{"name":"(anonymous_20)","decl":{"start":{"line":152,"column":75},"end":{"line":152,"column":76}},"loc":{"start":{"line":152,"column":86},"end":{"line":152,"column":null}},"line":152},"21":{"name":"(anonymous_21)","decl":{"start":{"line":157,"column":78},"end":{"line":157,"column":79}},"loc":{"start":{"line":157,"column":89},"end":{"line":157,"column":null}},"line":157},"22":{"name":"(anonymous_22)","decl":{"start":{"line":162,"column":75},"end":{"line":162,"column":76}},"loc":{"start":{"line":162,"column":86},"end":{"line":162,"column":null}},"line":162},"23":{"name":"(anonymous_23)","decl":{"start":{"line":163,"column":99},"end":{"line":163,"column":100}},"loc":{"start":{"line":163,"column":110},"end":{"line":163,"column":null}},"line":163},"24":{"name":"(anonymous_24)","decl":{"start":{"line":170,"column":55},"end":{"line":170,"column":56}},"loc":{"start":{"line":170,"column":66},"end":{"line":174,"column":20}},"line":170},"25":{"name":"(anonymous_25)","decl":{"start":{"line":178,"column":69},"end":{"line":178,"column":70}},"loc":{"start":{"line":178,"column":80},"end":{"line":178,"column":null}},"line":178}},"branchMap":{"0":{"loc":{"start":{"line":14,"column":50},"end":{"line":14,"column":95}},"type":"binary-expr","locations":[{"start":{"line":14,"column":50},"end":{"line":14,"column":93}},{"start":{"line":14,"column":93},"end":{"line":14,"column":95}}],"line":14},"1":{"loc":{"start":{"line":46,"column":4},"end":{"line":47,"column":null}},"type":"if","locations":[{"start":{"line":46,"column":4},"end":{"line":47,"column":null}},{"start":{"line":47,"column":9},"end":{"line":47,"column":null}}],"line":46},"2":{"loc":{"start":{"line":54,"column":4},"end":{"line":54,"column":null}},"type":"if","locations":[{"start":{"line":54,"column":4},"end":{"line":54,"column":null}},{"start":{},"end":{}}],"line":54},"3":{"loc":{"start":{"line":63,"column":6},"end":{"line":66,"column":null}},"type":"if","locations":[{"start":{"line":63,"column":6},"end":{"line":66,"column":null}},{"start":{},"end":{}}],"line":63},"4":{"loc":{"start":{"line":67,"column":16},"end":{"line":77,"column":107}},"type":"cond-expr","locations":[{"start":{"line":67,"column":42},"end":{"line":67,"column":null}},{"start":{"line":68,"column":8},"end":{"line":77,"column":107}}],"line":67},"5":{"loc":{"start":{"line":68,"column":8},"end":{"line":77,"column":107}},"type":"cond-expr","locations":[{"start":{"line":68,"column":35},"end":{"line":68,"column":null}},{"start":{"line":69,"column":10},"end":{"line":77,"column":107}}],"line":68},"6":{"loc":{"start":{"line":69,"column":10},"end":{"line":77,"column":107}},"type":"cond-expr","locations":[{"start":{"line":69,"column":30},"end":{"line":69,"column":null}},{"start":{"line":70,"column":10},"end":{"line":77,"column":107}}],"line":69},"7":{"loc":{"start":{"line":70,"column":10},"end":{"line":77,"column":107}},"type":"cond-expr","locations":[{"start":{"line":70,"column":37},"end":{"line":70,"column":null}},{"start":{"line":71,"column":12},"end":{"line":77,"column":107}}],"line":70},"8":{"loc":{"start":{"line":71,"column":12},"end":{"line":77,"column":107}},"type":"cond-expr","locations":[{"start":{"line":71,"column":34},"end":{"line":71,"column":null}},{"start":{"line":72,"column":14},"end":{"line":77,"column":107}}],"line":71},"9":{"loc":{"start":{"line":72,"column":14},"end":{"line":77,"column":107}},"type":"cond-expr","locations":[{"start":{"line":72,"column":37},"end":{"line":72,"column":null}},{"start":{"line":73,"column":12},"end":{"line":77,"column":107}}],"line":72},"10":{"loc":{"start":{"line":73,"column":12},"end":{"line":77,"column":107}},"type":"cond-expr","locations":[{"start":{"line":73,"column":34},"end":{"line":73,"column":null}},{"start":{"line":74,"column":14},"end":{"line":77,"column":107}}],"line":73},"11":{"loc":{"start":{"line":74,"column":14},"end":{"line":77,"column":107}},"type":"cond-expr","locations":[{"start":{"line":74,"column":37},"end":{"line":74,"column":null}},{"start":{"line":75,"column":16},"end":{"line":77,"column":107}}],"line":74},"12":{"loc":{"start":{"line":75,"column":16},"end":{"line":77,"column":107}},"type":"cond-expr","locations":[{"start":{"line":75,"column":44},"end":{"line":75,"column":null}},{"start":{"line":76,"column":18},"end":{"line":77,"column":107}}],"line":75},"13":{"loc":{"start":{"line":76,"column":18},"end":{"line":77,"column":107}},"type":"cond-expr","locations":[{"start":{"line":76,"column":39},"end":{"line":76,"column":null}},{"start":{"line":77,"column":20},"end":{"line":77,"column":107}}],"line":76},"14":{"loc":{"start":{"line":77,"column":20},"end":{"line":77,"column":107}},"type":"cond-expr","locations":[{"start":{"line":77,"column":43},"end":{"line":77,"column":75}},{"start":{"line":77,"column":75},"end":{"line":77,"column":107}}],"line":77},"15":{"loc":{"start":{"line":84,"column":4},"end":{"line":84,"column":null}},"type":"if","locations":[{"start":{"line":84,"column":4},"end":{"line":84,"column":null}},{"start":{},"end":{}}],"line":84},"16":{"loc":{"start":{"line":92,"column":4},"end":{"line":92,"column":null}},"type":"if","locations":[{"start":{"line":92,"column":4},"end":{"line":92,"column":null}},{"start":{},"end":{}}],"line":92},"17":{"loc":{"start":{"line":100,"column":4},"end":{"line":100,"column":null}},"type":"if","locations":[{"start":{"line":100,"column":4},"end":{"line":100,"column":null}},{"start":{},"end":{}}],"line":100},"18":{"loc":{"start":{"line":108,"column":4},"end":{"line":108,"column":null}},"type":"if","locations":[{"start":{"line":108,"column":4},"end":{"line":108,"column":null}},{"start":{},"end":{}}],"line":108},"19":{"loc":{"start":{"line":116,"column":4},"end":{"line":116,"column":null}},"type":"if","locations":[{"start":{"line":116,"column":4},"end":{"line":116,"column":null}},{"start":{},"end":{}}],"line":116},"20":{"loc":{"start":{"line":116,"column":8},"end":{"line":116,"column":45}},"type":"binary-expr","locations":[{"start":{"line":116,"column":8},"end":{"line":116,"column":32}},{"start":{"line":116,"column":32},"end":{"line":116,"column":45}}],"line":116},"21":{"loc":{"start":{"line":123,"column":4},"end":{"line":123,"column":null}},"type":"if","locations":[{"start":{"line":123,"column":4},"end":{"line":123,"column":null}},{"start":{},"end":{}}],"line":123},"22":{"loc":{"start":{"line":137,"column":7},"end":{"line":137,"column":null}},"type":"binary-expr","locations":[{"start":{"line":137,"column":7},"end":{"line":137,"column":16}},{"start":{"line":137,"column":16},"end":{"line":137,"column":null}}],"line":137},"23":{"loc":{"start":{"line":138,"column":7},"end":{"line":140,"column":null}},"type":"binary-expr","locations":[{"start":{"line":138,"column":7},"end":{"line":138,"column":31}},{"start":{"line":138,"column":31},"end":{"line":140,"column":null}}],"line":138},"24":{"loc":{"start":{"line":141,"column":7},"end":{"line":145,"column":null}},"type":"binary-expr","locations":[{"start":{"line":141,"column":7},"end":{"line":141,"column":33}},{"start":{"line":141,"column":33},"end":{"line":145,"column":null}}],"line":141},"25":{"loc":{"start":{"line":144,"column":9},"end":{"line":144,"column":null}},"type":"binary-expr","locations":[{"start":{"line":144,"column":9},"end":{"line":144,"column":17}},{"start":{"line":144,"column":17},"end":{"line":144,"column":null}}],"line":144},"26":{"loc":{"start":{"line":146,"column":7},"end":{"line":150,"column":null}},"type":"binary-expr","locations":[{"start":{"line":146,"column":7},"end":{"line":146,"column":27}},{"start":{"line":146,"column":27},"end":{"line":150,"column":null}}],"line":146},"27":{"loc":{"start":{"line":149,"column":9},"end":{"line":149,"column":null}},"type":"binary-expr","locations":[{"start":{"line":149,"column":9},"end":{"line":149,"column":24}},{"start":{"line":149,"column":24},"end":{"line":149,"column":null}}],"line":149},"28":{"loc":{"start":{"line":151,"column":7},"end":{"line":155,"column":null}},"type":"binary-expr","locations":[{"start":{"line":151,"column":7},"end":{"line":151,"column":32}},{"start":{"line":151,"column":32},"end":{"line":155,"column":null}}],"line":151},"29":{"loc":{"start":{"line":154,"column":9},"end":{"line":154,"column":null}},"type":"binary-expr","locations":[{"start":{"line":154,"column":9},"end":{"line":154,"column":21}},{"start":{"line":154,"column":21},"end":{"line":154,"column":null}}],"line":154},"30":{"loc":{"start":{"line":154,"column":233},"end":{"line":154,"column":282}},"type":"binary-expr","locations":[{"start":{"line":154,"column":233},"end":{"line":154,"column":264}},{"start":{"line":154,"column":264},"end":{"line":154,"column":282}}],"line":154},"31":{"loc":{"start":{"line":156,"column":7},"end":{"line":160,"column":null}},"type":"binary-expr","locations":[{"start":{"line":156,"column":7},"end":{"line":156,"column":33}},{"start":{"line":156,"column":33},"end":{"line":160,"column":null}}],"line":156},"32":{"loc":{"start":{"line":159,"column":9},"end":{"line":159,"column":null}},"type":"binary-expr","locations":[{"start":{"line":159,"column":9},"end":{"line":159,"column":26}},{"start":{"line":159,"column":26},"end":{"line":159,"column":null}}],"line":159},"33":{"loc":{"start":{"line":161,"column":7},"end":{"line":166,"column":null}},"type":"binary-expr","locations":[{"start":{"line":161,"column":7},"end":{"line":161,"column":30}},{"start":{"line":161,"column":30},"end":{"line":166,"column":null}}],"line":161},"34":{"loc":{"start":{"line":165,"column":9},"end":{"line":165,"column":null}},"type":"binary-expr","locations":[{"start":{"line":165,"column":9},"end":{"line":165,"column":20}},{"start":{"line":165,"column":20},"end":{"line":165,"column":null}}],"line":165},"35":{"loc":{"start":{"line":167,"column":7},"end":{"line":174,"column":null}},"type":"binary-expr","locations":[{"start":{"line":167,"column":7},"end":{"line":167,"column":30}},{"start":{"line":167,"column":30},"end":{"line":174,"column":null}}],"line":167},"36":{"loc":{"start":{"line":168,"column":49},"end":{"line":168,"column":89}},"type":"binary-expr","locations":[{"start":{"line":168,"column":49},"end":{"line":168,"column":60}},{"start":{"line":168,"column":60},"end":{"line":168,"column":89}}],"line":168},"37":{"loc":{"start":{"line":169,"column":9},"end":{"line":174,"column":29}},"type":"cond-expr","locations":[{"start":{"line":169,"column":19},"end":{"line":169,"column":49}},{"start":{"line":169,"column":49},"end":{"line":174,"column":29}}],"line":169},"38":{"loc":{"start":{"line":169,"column":49},"end":{"line":174,"column":29}},"type":"cond-expr","locations":[{"start":{"line":169,"column":79},"end":{"line":169,"column":null}},{"start":{"line":170,"column":10},"end":{"line":174,"column":29}}],"line":169},"39":{"loc":{"start":{"line":175,"column":7},"end":{"line":176,"column":null}},"type":"binary-expr","locations":[{"start":{"line":175,"column":7},"end":{"line":175,"column":31}},{"start":{"line":175,"column":31},"end":{"line":175,"column":57}},{"start":{"line":175,"column":57},"end":{"line":175,"column":77}},{"start":{"line":175,"column":77},"end":{"line":175,"column":102}},{"start":{"line":175,"column":102},"end":{"line":175,"column":128}},{"start":{"line":175,"column":128},"end":{"line":175,"column":151}},{"start":{"line":175,"column":151},"end":{"line":175,"column":null}},{"start":{"line":176,"column":8},"end":{"line":176,"column":null}}],"line":175},"40":{"loc":{"start":{"line":180,"column":9},"end":{"line":180,"column":null}},"type":"binary-expr","locations":[{"start":{"line":180,"column":9},"end":{"line":180,"column":17}},{"start":{"line":180,"column":17},"end":{"line":180,"column":null}}],"line":180},"41":{"loc":{"start":{"line":180,"column":49},"end":{"line":180,"column":128}},"type":"binary-expr","locations":[{"start":{"line":180,"column":49},"end":{"line":180,"column":77}},{"start":{"line":180,"column":77},"end":{"line":180,"column":128}}],"line":180},"42":{"loc":{"start":{"line":187,"column":0},"end":{"line":189,"column":null}},"type":"if","locations":[{"start":{"line":187,"column":0},"end":{"line":189,"column":null}},{"start":{},"end":{}}],"line":187}},"s":{"0":49,"1":49,"2":49,"3":49,"4":9,"5":49,"6":49,"7":49,"8":49,"9":49,"10":49,"11":49,"12":49,"13":49,"14":49,"15":49,"16":49,"17":49,"18":49,"19":49,"20":49,"21":49,"22":49,"23":49,"24":9,"25":9,"26":9,"27":0,"28":9,"29":9,"30":9,"31":0,"32":1,"33":1,"34":1,"35":1,"36":0,"37":1,"38":1,"39":1,"40":0,"41":1,"42":1,"43":0,"44":1,"45":1,"46":1,"47":1,"48":0,"49":1,"50":3,"51":3,"52":3,"53":3,"54":3,"55":3,"56":1,"57":1,"58":2,"59":1,"60":3,"61":1,"62":1,"63":0,"64":1,"65":1,"66":1,"67":1,"68":0,"69":1,"70":0,"71":0,"72":0,"73":0,"74":0,"75":0,"76":0,"77":0,"78":0,"79":0,"80":0,"81":0,"82":0,"83":0,"84":0,"85":0,"86":0,"87":0,"88":1,"89":1,"90":0,"91":1,"92":1,"93":1,"94":1,"95":0,"96":1,"97":1,"98":1,"99":0,"100":1,"101":1,"102":1,"103":1,"104":0,"105":1,"106":1,"107":0,"108":1,"109":1,"110":1,"111":1,"112":1,"113":0,"114":1,"115":49,"116":1,"117":16,"118":1,"119":0,"120":0,"121":1,"122":0,"123":1,"124":1,"125":1,"126":1,"127":1,"128":0},"f":{"0":49,"1":9,"2":9,"3":9,"4":0,"5":9,"6":0,"7":1,"8":1,"9":3,"10":1,"11":0,"12":0,"13":1,"14":1,"15":1,"16":1,"17":16,"18":1,"19":0,"20":0,"21":1,"22":0,"23":1,"24":1,"25":1},"b":{"0":[9,9],"1":[1,0],"2":[0,1],"3":[1,2],"4":[2,0],"5":[0,0],"6":[0,0],"7":[0,0],"8":[0,0],"9":[0,0],"10":[0,0],"11":[0,0],"12":[0,0],"13":[0,0],"14":[0,0],"15":[0,1],"16":[0,0],"17":[0,0],"18":[0,1],"19":[0,1],"20":[1,1],"21":[0,1],"22":[49,1],"23":[49,24],"24":[49,5],"25":[5,1],"26":[49,1],"27":[1,0],"28":[49,1],"29":[1,0],"30":[0,0],"31":[49,5],"32":[5,1],"33":[49,5],"34":[5,1],"35":[49,4],"36":[4,2],"37":[2,2],"38":[1,1],"39":[49,25,20,19,18,13,8,4],"40":[49,1],"41":[1,1],"42":[0,1]},"meta":{"lastBranch":43,"lastFunction":26,"lastStatement":129,"seen":{"f:10:16:10:22":0,"s:11:26:11:Infinity":0,"s:12:32:12:Infinity":1,"s:13:28:13:Infinity":2,"s:14:31:14:Infinity":3,"f:14:44:14:50":1,"s:14:50:14:95":4,"b:14:50:14:93:14:93:14:95":0,"s:15:24:15:Infinity":5,"s:16:28:16:Infinity":6,"s:17:22:17:Infinity":7,"s:18:26:18:Infinity":8,"s:19:24:19:Infinity":9,"s:20:28:20:Infinity":10,"s:21:32:21:Infinity":11,"s:22:22:22:Infinity":12,"s:23:22:23:Infinity":13,"s:24:36:24:Infinity":14,"s:25:30:25:Infinity":15,"s:26:30:26:Infinity":16,"s:27:32:27:Infinity":17,"s:28:40:28:Infinity":18,"s:29:38:29:Infinity":19,"s:30:20:30:Infinity":20,"s:31:28:31:Infinity":21,"s:32:42:32:Infinity":22,"s:34:2:41:Infinity":23,"f:34:12:34:18":2,"s:35:4:35:Infinity":24,"s:36:4:36:Infinity":25,"f:36:27:36:28":3,"s:36:37:36:61":26,"f:36:69:36:70":4,"s:36:85:36:106":27,"s:37:4:40:Infinity":28,"f:37:26:37:27":5,"s:38:6:38:Infinity":29,"s:39:6:39:Infinity":30,"f:40:13:40:19":6,"s:40:19:40:36":31,"f:43:17:43:28":7,"s:44:4:44:Infinity":32,"s:45:4:45:Infinity":33,"b:46:4:47:Infinity:47:9:47:Infinity":1,"s:46:4:47:Infinity":34,"s:46:16:46:Infinity":35,"s:47:9:47:Infinity":36,"s:48:4:48:Infinity":37,"s:49:4:49:Infinity":38,"s:49:10:49:57":39,"s:49:73:49:107":40,"f:52:17:52:28":8,"s:53:4:53:Infinity":41,"b:54:4:54:Infinity:undefined:undefined:undefined:undefined":2,"s:54:4:54:Infinity":42,"s:54:25:54:Infinity":43,"s:55:4:55:22":44,"s:55:22:55:Infinity":45,"s:56:4:57:Infinity":46,"s:56:10:56:49":47,"s:56:65:56:99":48,"s:57:14:57:33":49,"f:60:17:60:33":9,"s:61:4:61:22":50,"s:61:22:61:40":51,"s:61:40:61:54":52,"s:61:54:61:Infinity":53,"s:62:4:79:Infinity":54,"b:63:6:66:Infinity:undefined:undefined:undefined:undefined":3,"s:63:6:66:Infinity":55,"s:64:8:64:Infinity":56,"s:65:8:65:Infinity":57,"s:67:6:77:Infinity":58,"b:67:42:67:Infinity:68:8:77:107":4,"b:68:35:68:Infinity:69:10:77:107":5,"b:69:30:69:Infinity:70:10:77:107":6,"b:70:37:70:Infinity:71:12:77:107":7,"b:71:34:71:Infinity:72:14:77:107":8,"b:72:37:72:Infinity:73:12:77:107":9,"b:73:34:73:Infinity:74:14:77:107":10,"b:74:37:74:Infinity:75:16:77:107":11,"b:75:44:75:Infinity:76:18:77:107":12,"b:76:39:76:Infinity:77:20:77:107":13,"b:77:43:77:75:77:75:77:107":14,"s:79:18:79:52":59,"s:79:64:79:83":60,"f:82:17:82:28":10,"s:83:4:83:Infinity":61,"b:84:4:84:Infinity:undefined:undefined:undefined:undefined":15,"s:84:4:84:Infinity":62,"s:84:27:84:Infinity":63,"s:85:4:85:22":64,"s:85:22:85:Infinity":65,"s:86:4:87:Infinity":66,"s:86:10:86:61":67,"s:86:77:86:111":68,"s:87:14:87:33":69,"f:90:17:90:29":11,"s:91:4:91:Infinity":70,"b:92:4:92:Infinity:undefined:undefined:undefined:undefined":16,"s:92:4:92:Infinity":71,"s:92:22:92:Infinity":72,"s:93:4:93:22":73,"s:93:22:93:Infinity":74,"s:94:4:95:Infinity":75,"s:94:10:94:60":76,"s:94:76:94:110":77,"s:95:14:95:33":78,"f:98:17:98:33":12,"s:99:4:99:Infinity":79,"b:100:4:100:Infinity:undefined:undefined:undefined:undefined":17,"s:100:4:100:Infinity":80,"s:100:26:100:Infinity":81,"s:101:4:101:22":82,"s:101:22:101:Infinity":83,"s:102:4:103:Infinity":84,"s:102:10:102:65":85,"s:102:81:102:115":86,"s:103:14:103:33":87,"f:106:17:106:35":13,"s:107:4:107:Infinity":88,"b:108:4:108:Infinity:undefined:undefined:undefined:undefined":18,"s:108:4:108:Infinity":89,"s:108:27:108:Infinity":90,"s:109:4:109:22":91,"s:109:22:109:Infinity":92,"s:110:4:111:Infinity":93,"s:110:10:110:71":94,"s:110:87:110:121":95,"s:111:14:111:33":96,"f:114:17:114:29":14,"s:115:4:115:Infinity":97,"b:116:4:116:Infinity:undefined:undefined:undefined:undefined":19,"s:116:4:116:Infinity":98,"b:116:8:116:32:116:32:116:45":20,"s:116:45:116:Infinity":99,"s:117:4:117:22":100,"s:117:22:117:Infinity":101,"s:118:4:119:Infinity":102,"s:118:10:118:80":103,"s:118:96:118:130":104,"s:119:14:119:33":105,"f:122:17:122:32":15,"b:123:4:123:Infinity:undefined:undefined:undefined:undefined":21,"s:123:4:123:Infinity":106,"s:123:83:123:Infinity":107,"s:124:4:124:22":108,"s:124:22:124:Infinity":109,"s:125:4:129:Infinity":110,"s:126:6:126:Infinity":111,"s:127:6:127:Infinity":112,"s:128:20:128:54":113,"s:129:14:129:33":114,"s:132:2:183:Infinity":115,"f:133:64:133:70":16,"s:133:70:133:98":116,"b:137:7:137:16:137:16:137:Infinity":22,"b:138:7:138:31:138:31:140:Infinity":23,"f:138:66:138:67":17,"s:139:8:139:Infinity":117,"b:141:7:141:33:141:33:145:Infinity":24,"f:142:71:142:72":18,"s:142:82:142:Infinity":118,"b:144:9:144:17:144:17:144:Infinity":25,"b:146:7:146:27:146:27:150:Infinity":26,"f:147:70:147:71":19,"s:147:81:147:Infinity":119,"b:149:9:149:24:149:24:149:Infinity":27,"b:151:7:151:32:151:32:155:Infinity":28,"f:152:75:152:76":20,"s:152:86:152:Infinity":120,"b:154:9:154:21:154:21:154:Infinity":29,"b:154:233:154:264:154:264:154:282":30,"b:156:7:156:33:156:33:160:Infinity":31,"f:157:78:157:79":21,"s:157:89:157:Infinity":121,"b:159:9:159:26:159:26:159:Infinity":32,"b:161:7:161:30:161:30:166:Infinity":33,"f:162:75:162:76":22,"s:162:86:162:Infinity":122,"f:163:99:163:100":23,"s:163:110:163:Infinity":123,"b:165:9:165:20:165:20:165:Infinity":34,"b:167:7:167:30:167:30:174:Infinity":35,"b:168:49:168:60:168:60:168:89":36,"b:169:19:169:49:169:49:174:29":37,"b:169:79:169:Infinity:170:10:174:29":38,"f:170:55:170:56":24,"s:170:66:174:20":124,"b:175:7:175:31:175:31:175:57:175:57:175:77:175:77:175:102:175:102:175:128:175:128:175:151:175:151:175:Infinity:176:8:176:Infinity":39,"f:178:69:178:70":25,"s:178:80:178:Infinity":125,"b:180:9:180:17:180:17:180:Infinity":40,"b:180:49:180:77:180:77:180:128":41,"s:186:20:186:Infinity":126,"b:187:0:189:Infinity:undefined:undefined:undefined:undefined":42,"s:187:0:189:Infinity":127,"s:188:2:188:Infinity":128},"fnNames":{}}}
,"/home/runner/work/animated-invention/animated-invention/frontend/src/styles.css": {"path":"/home/runner/work/animated-invention/animated-invention/frontend/src/styles.css","statementMap":{},"fnMap":{},"branchMap":{},"s":{},"f":{},"b":{},"meta":{"lastBranch":0,"lastFunction":0,"lastStatement":0,"seen":{},"fnNames":{}}}
,"/home/runner/work/animated-invention/animated-invention/frontend/src/components/DashboardHeader.tsx": {"path":"/home/runner/work/animated-invention/animated-invention/frontend/src/components/DashboardHeader.tsx","statementMap":{"0":{"start":{"line":21,"column":17},"end":{"line":21,"column":null}},"1":{"start":{"line":22,"column":30},"end":{"line":22,"column":null}},"2":{"start":{"line":22,"column":73},"end":{"line":22,"column":99}},"3":{"start":{"line":24,"column":2},"end":{"line":37,"column":null}},"4":{"start":{"line":30,"column":29},"end":{"line":30,"column":null}}},"fnMap":{"0":{"name":"DashboardHeader","decl":{"start":{"line":13,"column":16},"end":{"line":13,"column":32}},"loc":{"start":{"line":20,"column":25},"end":{"line":38,"column":null}},"line":20},"1":{"name":"(anonymous_1)","decl":{"start":{"line":22,"column":63},"end":{"line":22,"column":64}},"loc":{"start":{"line":22,"column":73},"end":{"line":22,"column":99}},"line":22},"2":{"name":"(anonymous_2)","decl":{"start":{"line":30,"column":18},"end":{"line":30,"column":19}},"loc":{"start":{"line":30,"column":29},"end":{"line":30,"column":null}},"line":30}},"branchMap":{"0":{"loc":{"start":{"line":21,"column":17},"end":{"line":21,"column":null}},"type":"cond-expr","locations":[{"start":{"line":21,"column":37},"end":{"line":21,"column":51}},{"start":{"line":21,"column":51},"end":{"line":21,"column":null}}],"line":21},"1":{"loc":{"start":{"line":21,"column":51},"end":{"line":21,"column":null}},"type":"cond-expr","locations":[{"start":{"line":21,"column":70},"end":{"line":21,"column":90}},{"start":{"line":21,"column":90},"end":{"line":21,"column":null}}],"line":21},"2":{"loc":{"start":{"line":22,"column":30},"end":{"line":22,"column":null}},"type":"binary-expr","locations":[{"start":{"line":22,"column":30},"end":{"line":22,"column":51}},{"start":{"line":22,"column":51},"end":{"line":22,"column":null}}],"line":22},"3":{"loc":{"start":{"line":25,"column":26},"end":{"line":25,"column":79}},"type":"cond-expr","locations":[{"start":{"line":25,"column":48},"end":{"line":25,"column":76}},{"start":{"line":25,"column":76},"end":{"line":25,"column":79}}],"line":25}},"s":{"0":48,"1":48,"2":40,"3":48,"4":1},"f":{"0":48,"1":40,"2":1},"b":{"0":[0,48],"1":[39,9],"2":[48,48],"3":[1,47]},"meta":{"lastBranch":4,"lastFunction":3,"lastStatement":5,"seen":{"f:13:16:13:32":0,"s:21:17:21:Infinity":0,"b:21:37:21:51:21:51:21:Infinity":0,"b:21:70:21:90:21:90:21:Infinity":1,"s:22:30:22:Infinity":1,"b:22:30:22:51:22:51:22:Infinity":2,"f:22:63:22:64":1,"s:22:73:22:99":2,"s:24:2:37:Infinity":3,"b:25:48:25:76:25:76:25:79":3,"f:30:18:30:19":2,"s:30:29:30:Infinity":4},"fnNames":{}}}
,"/home/runner/work/animated-invention/animated-invention/frontend/src/components/DiagnosticResult.tsx": {"path":"/home/runner/work/animated-invention/animated-invention/frontend/src/components/DiagnosticResult.tsx","statementMap":{"0":{"start":{"line":3,"column":48},"end":{"line":16,"column":null}},"1":{"start":{"line":25,"column":2},"end":{"line":28,"column":null}}},"fnMap":{"0":{"name":"DiagnosticResult","decl":{"start":{"line":24,"column":16},"end":{"line":24,"column":33}},"loc":{"start":{"line":24,"column":84},"end":{"line":29,"column":null}},"line":24}},"branchMap":{"0":{"loc":{"start":{"line":27,"column":5},"end":{"line":27,"column":null}},"type":"cond-expr","locations":[{"start":{"line":27,"column":15},"end":{"line":27,"column":45}},{"start":{"line":27,"column":45},"end":{"line":27,"column":null}}],"line":27}},"s":{"0":1,"1":4},"f":{"0":4},"b":{"0":[2,2]},"meta":{"lastBranch":1,"lastFunction":1,"lastStatement":2,"seen":{"s:3:48:16:Infinity":0,"f:24:16:24:33":0,"s:25:2:28:Infinity":1,"b:27:15:27:45:27:45:27:Infinity":0},"fnNames":{}}}
,"/home/runner/work/animated-invention/animated-invention/frontend/src/components/Sidebar.tsx": {"path":"/home/runner/work/animated-invention/animated-invention/frontend/src/components/Sidebar.tsx","statementMap":{"0":{"start":{"line":9,"column":69},"end":{"line":22,"column":null}},"1":{"start":{"line":25,"column":2},"end":{"line":44,"column":null}},"2":{"start":{"line":28,"column":27},"end":{"line":28,"column":54}},"3":{"start":{"line":30,"column":6},"end":{"line":30,"column":null}},"4":{"start":{"line":30,"column":41},"end":{"line":30,"column":68}},"5":{"start":{"line":32,"column":27},"end":{"line":32,"column":56}},"6":{"start":{"line":34,"column":6},"end":{"line":34,"column":null}},"7":{"start":{"line":34,"column":41},"end":{"line":34,"column":68}},"8":{"start":{"line":36,"column":27},"end":{"line":36,"column":53}},"9":{"start":{"line":38,"column":6},"end":{"line":38,"column":null}},"10":{"start":{"line":38,"column":41},"end":{"line":38,"column":68}},"11":{"start":{"line":40,"column":27},"end":{"line":40,"column":56}},"12":{"start":{"line":41,"column":27},"end":{"line":41,"column":50}},"13":{"start":{"line":42,"column":27},"end":{"line":42,"column":55}}},"fnMap":{"0":{"name":"Sidebar","decl":{"start":{"line":24,"column":16},"end":{"line":24,"column":24}},"loc":{"start":{"line":24,"column":91},"end":{"line":45,"column":null}},"line":24},"1":{"name":"(anonymous_1)","decl":{"start":{"line":28,"column":21},"end":{"line":28,"column":27}},"loc":{"start":{"line":28,"column":27},"end":{"line":28,"column":54}},"line":28},"2":{"name":"(anonymous_2)","decl":{"start":{"line":29,"column":37},"end":{"line":29,"column":38}},"loc":{"start":{"line":30,"column":6},"end":{"line":30,"column":null}},"line":30},"3":{"name":"(anonymous_3)","decl":{"start":{"line":30,"column":35},"end":{"line":30,"column":41}},"loc":{"start":{"line":30,"column":41},"end":{"line":30,"column":68}},"line":30},"4":{"name":"(anonymous_4)","decl":{"start":{"line":32,"column":21},"end":{"line":32,"column":27}},"loc":{"start":{"line":32,"column":27},"end":{"line":32,"column":56}},"line":32},"5":{"name":"(anonymous_5)","decl":{"start":{"line":33,"column":37},"end":{"line":33,"column":38}},"loc":{"start":{"line":34,"column":6},"end":{"line":34,"column":null}},"line":34},"6":{"name":"(anonymous_6)","decl":{"start":{"line":34,"column":35},"end":{"line":34,"column":41}},"loc":{"start":{"line":34,"column":41},"end":{"line":34,"column":68}},"line":34},"7":{"name":"(anonymous_7)","decl":{"start":{"line":36,"column":21},"end":{"line":36,"column":27}},"loc":{"start":{"line":36,"column":27},"end":{"line":36,"column":53}},"line":36},"8":{"name":"(anonymous_8)","decl":{"start":{"line":37,"column":34},"end":{"line":37,"column":35}},"loc":{"start":{"line":38,"column":6},"end":{"line":38,"column":null}},"line":38},"9":{"name":"(anonymous_9)","decl":{"start":{"line":38,"column":35},"end":{"line":38,"column":41}},"loc":{"start":{"line":38,"column":41},"end":{"line":38,"column":68}},"line":38},"10":{"name":"(anonymous_10)","decl":{"start":{"line":40,"column":21},"end":{"line":40,"column":27}},"loc":{"start":{"line":40,"column":27},"end":{"line":40,"column":56}},"line":40},"11":{"name":"(anonymous_11)","decl":{"start":{"line":41,"column":21},"end":{"line":41,"column":27}},"loc":{"start":{"line":41,"column":27},"end":{"line":41,"column":50}},"line":41},"12":{"name":"(anonymous_12)","decl":{"start":{"line":42,"column":21},"end":{"line":42,"column":27}},"loc":{"start":{"line":42,"column":27},"end":{"line":42,"column":55}},"line":42}},"branchMap":{},"s":{"0":1,"1":48,"2":1,"3":96,"4":2,"5":2,"6":144,"7":0,"8":2,"9":336,"10":0,"11":2,"12":1,"13":1},"f":{"0":48,"1":1,"2":96,"3":2,"4":2,"5":144,"6":0,"7":2,"8":336,"9":0,"10":2,"11":1,"12":1},"b":{},"meta":{"lastBranch":0,"lastFunction":13,"lastStatement":14,"seen":{"s:9:69:22:Infinity":0,"f:24:16:24:24":0,"s:25:2:44:Infinity":1,"f:28:21:28:27":1,"s:28:27:28:54":2,"f:29:37:29:38":2,"s:30:6:30:Infinity":3,"f:30:35:30:41":3,"s:30:41:30:68":4,"f:32:21:32:27":4,"s:32:27:32:56":5,"f:33:37:33:38":5,"s:34:6:34:Infinity":6,"f:34:35:34:41":6,"s:34:41:34:68":7,"f:36:21:36:27":7,"s:36:27:36:53":8,"f:37:34:37:35":8,"s:38:6:38:Infinity":9,"f:38:35:38:41":9,"s:38:41:38:68":10,"f:40:21:40:27":10,"s:40:27:40:56":11,"f:41:21:41:27":11,"s:41:27:41:50":12,"f:42:21:42:27":12,"s:42:27:42:55":13},"fnNames":{}}}
}
